[INFO ] [2023-05-19 13:38:47,527] Register - Step 01: Navigate to Register page
[INFO ] [2023-05-19 13:38:48,653] Register - Step 02: Input to First name textbox
[INFO ] [2023-05-19 13:38:48,843] Register - Step 03: Input to Last name textbox
[INFO ] [2023-05-19 13:38:49,017] Register - Step 04: Input to Email textbox
[INFO ] [2023-05-19 13:38:49,190] Register - Step 05: Input to Password textbox
[INFO ] [2023-05-19 13:38:49,362] Register - Step 06: Input to Confirm Password textbox
[INFO ] [2023-05-19 13:38:49,531] Register - Step 07: Click to Register button
[INFO ] [2023-05-19 13:38:50,246] Register - Step 08: Verify register success is display
[INFO ] [2023-05-19 13:38:50,327] Login - Step 01: Navigate to Login page
[INFO ] [2023-05-19 13:38:50,728] Login - Step 02: Input to Email textbox
[INFO ] [2023-05-19 13:38:50,878] Login - Step 03: Input to Password textbox
[INFO ] [2023-05-19 13:38:51,028] Login - Step 04: Click to Login button
[INFO ] [2023-05-19 13:38:51,754] Login - Step 05: Verify My Account link is display
[INFO ] [2023-05-21 21:35:54,837] Register - Step 01: Navigate to Register page
[INFO ] [2023-05-21 21:35:56,208] Register - Step 02: Input to First name textbox
[INFO ] [2023-05-21 21:35:56,435] Register - Step 03: Input to Last name textbox
[INFO ] [2023-05-21 21:35:56,627] Register - Step 04: Input to Email textbox
[INFO ] [2023-05-21 21:35:56,801] Register - Step 05: Input to Password textbox
[INFO ] [2023-05-21 21:35:56,970] Register - Step 06: Input to Confirm Password textbox
[INFO ] [2023-05-21 21:35:57,141] Register - Step 07: Click to Register button
[INFO ] [2023-05-21 21:35:58,024] Register - Step 08: Verify register success is display
[INFO ] [2023-05-21 21:35:58,119] Login - Step 01: Navigate to Login page
[INFO ] [2023-05-21 21:35:58,713] Login - Step 02: Input to Email textbox
[INFO ] [2023-05-21 21:35:58,938] Login - Step 03: Input to Password textbox
[INFO ] [2023-05-21 21:35:59,183] Login - Step 04: Click to Login button
[INFO ] [2023-05-21 21:36:00,082] Login - Step 05: Verify My Account link is display
[INFO ] [2023-05-21 21:37:06,923] Register - Step 01: Navigate to Register page
[INFO ] [2023-05-21 21:37:08,117] Register - Step 02: Input to First name textbox
[INFO ] [2023-05-21 21:37:08,327] Register - Step 03: Input to Last name textbox
[INFO ] [2023-05-21 21:37:08,549] Register - Step 04: Input to Email textbox
[INFO ] [2023-05-21 21:37:08,763] Register - Step 05: Input to Password textbox
[INFO ] [2023-05-21 21:37:08,998] Register - Step 06: Input to Confirm Password textbox
[INFO ] [2023-05-21 21:37:09,204] Register - Step 07: Click to Register button
[INFO ] [2023-05-21 21:37:10,002] Register - Step 08: Verify register success is display
[INFO ] [2023-05-21 21:37:10,267] Login - Step 01: Navigate to Login page
[INFO ] [2023-05-21 21:37:10,762] Login - Step 02: Input to Email textbox
[INFO ] [2023-05-21 21:37:10,998] Login - Step 03: Input to Password textbox
[INFO ] [2023-05-21 21:37:11,280] Login - Step 04: Click to Login button
[INFO ] [2023-05-21 21:37:12,265] Login - Step 05: Verify My Account link is display
[INFO ] [2023-05-21 21:40:19,130] Register - Step 01: Navigate to Register page
[INFO ] [2023-05-21 21:40:20,554] Register - Step 02: Input to First name textbox
[INFO ] [2023-05-21 21:40:20,825] Register - Step 03: Input to Last name textbox
[INFO ] [2023-05-21 21:40:21,037] Register - Step 04: Input to Email textbox
[INFO ] [2023-05-21 21:40:21,244] Register - Step 05: Input to Password textbox
[INFO ] [2023-05-21 21:40:21,445] Register - Step 06: Input to Confirm Password textbox
[INFO ] [2023-05-21 21:40:21,677] Register - Step 07: Click to Register button
[INFO ] [2023-05-21 21:40:22,696] Register - Step 08: Verify register success is display
[INFO ] [2023-05-21 21:40:22,991] Login - Step 01: Navigate to Login page
[INFO ] [2023-05-21 21:40:23,537] Login - Step 02: Input to Email textbox
[INFO ] [2023-05-21 21:40:23,784] Login - Step 03: Input to Password textbox
[INFO ] [2023-05-21 21:40:24,013] Login - Step 04: Click to Login button
[INFO ] [2023-05-21 21:40:25,076] Login - Step 05: Verify My Account link is display
[INFO ] [2023-05-21 21:43:43,453] Register - Step 01: Navigate to Register page
[INFO ] [2023-05-21 21:43:44,509] Register - Step 02: Input to First name textbox
[INFO ] [2023-05-21 21:43:44,699] Register - Step 03: Input to Last name textbox
[INFO ] [2023-05-21 21:43:44,883] Register - Step 04: Input to Email textbox
[INFO ] [2023-05-21 21:43:45,068] Register - Step 05: Input to Password textbox
[INFO ] [2023-05-21 21:43:45,244] Register - Step 06: Input to Confirm Password textbox
[INFO ] [2023-05-21 21:43:45,436] Register - Step 07: Click to Register button
[INFO ] [2023-05-21 21:43:46,259] Register - Step 08: Verify register success is display
[INFO ] [2023-05-21 21:43:46,521] Login - Step 01: Navigate to Login page
[INFO ] [2023-05-21 21:43:46,964] Login - Step 02: Input to Email textbox
[INFO ] [2023-05-21 21:43:47,179] Login - Step 03: Input to Password textbox
[INFO ] [2023-05-21 21:43:47,402] Login - Step 04: Click to Login button
[INFO ] [2023-05-21 21:43:48,965] Login - Step 05: Verify My Account link is display
[INFO ] [2023-05-21 21:46:16,056] Register - Step 01: Navigate to Register page
[INFO ] [2023-05-21 21:46:17,180] Register - Step 02: Input to First name textbox
[INFO ] [2023-05-21 21:46:17,387] Register - Step 03: Input to Last name textbox
[INFO ] [2023-05-21 21:46:17,582] Register - Step 04: Input to Email textbox
[INFO ] [2023-05-21 21:46:17,787] Register - Step 05: Input to Password textbox
[INFO ] [2023-05-21 21:46:17,987] Register - Step 06: Input to Confirm Password textbox
[INFO ] [2023-05-21 21:46:18,157] Register - Step 07: Click to Register button
[INFO ] [2023-05-21 21:46:18,997] Register - Step 08: Verify register success is display
[INFO ] [2023-05-21 21:46:19,349] Login - Step 01: Navigate to Login page
[INFO ] [2023-05-21 21:46:19,812] Login - Step 02: Input to Email textbox
[INFO ] [2023-05-21 21:46:20,012] Login - Step 03: Input to Password textbox
[INFO ] [2023-05-21 21:46:20,195] Login - Step 04: Click to Login button
[INFO ] [2023-05-21 21:46:21,008] Login - Step 05: Verify My Account link is display
[INFO ] [2023-05-21 21:49:18,689] Register - Step 01: Navigate to Register page
[INFO ] [2023-05-21 21:49:19,783] Register - Step 02: Input to First name textbox
[INFO ] [2023-05-21 21:49:20,045] Register - Step 03: Input to Last name textbox
[INFO ] [2023-05-21 21:49:20,230] Register - Step 04: Input to Email textbox
[INFO ] [2023-05-21 21:49:20,429] Register - Step 05: Input to Password textbox
[INFO ] [2023-05-21 21:49:20,615] Register - Step 06: Input to Confirm Password textbox
[INFO ] [2023-05-21 21:49:20,797] Register - Step 07: Click to Register button
[INFO ] [2023-05-21 21:49:21,591] Register - Step 08: Verify register success is display
[INFO ] [2023-05-21 21:49:21,837] Login - Step 01: Navigate to Login page
[INFO ] [2023-05-21 21:49:22,303] Login - Step 02: Input to Email textbox
[INFO ] [2023-05-21 21:49:22,482] Login - Step 03: Input to Password textbox
[INFO ] [2023-05-21 21:49:22,678] Login - Step 04: Click to Login button
[INFO ] [2023-05-21 21:49:23,490] Login - Step 05: Verify My Account link is display
[INFO ] [2023-05-23 14:08:15,723] Login - Step 01: Navigate to Login page
[INFO ] [2023-05-23 14:08:16,824] Login - Step 02: Input to Email textbox
[INFO ] [2023-05-23 14:08:17,022] Login - Step 03: Input to Password textbox
[INFO ] [2023-05-23 14:08:17,238] Login - Step 04: Click to Login button
[INFO ] [2023-05-23 14:08:18,180] Login - Step 05: Verify My Account link is display
[INFO ] [2023-05-23 14:08:53,385] Login - Step 01: Navigate to Login page
[INFO ] [2023-05-23 14:08:53,899] Login - Step 02: Input to Email textbox
[INFO ] [2023-05-23 14:08:54,122] Login - Step 03: Input to Password textbox
[INFO ] [2023-05-23 14:08:54,287] Login - Step 04: Click to Login button
[INFO ] [2023-05-23 14:08:55,177] Login - Step 05: Verify My Account link is display
[INFO ] [2023-05-23 14:40:02,535] Login - Step 01: Navigate to Login page
[INFO ] [2023-05-23 14:40:03,641] Login - Step 02: Set Cookie and reload page
[INFO ] [2023-05-23 14:40:06,781] Login - Step 05: Verify My Account link is display
[INFO ] [2023-05-23 14:40:07,269] Login - Step 05: Verify My Account link is display
[INFO ] [2023-05-27 09:27:16,726] OS name = Windows 11
[INFO ] [2023-05-27 09:27:16,728] Driver instance name = chromedriver: chrome on windows (b6cee1e151df7b28de83c2ca6043b608)
[INFO ] [2023-08-24 14:20:05,826] OS name = Windows 11
[INFO ] [2023-08-24 14:20:05,827] 
[INFO ] [2023-08-24 14:20:40,703] OS name = Windows 11
[INFO ] [2023-08-24 14:20:40,705] 
[INFO ] [2023-08-24 14:26:24,627] OS name = Windows 11
[INFO ] [2023-08-24 14:26:24,627] 
[INFO ] [2023-08-24 14:30:47,211] OS name = Windows 11
[INFO ] [2023-08-24 14:30:47,212] 
[INFO ] [2023-08-24 14:35:39,243] OS name = Windows 11
[INFO ] [2023-08-24 14:35:39,243] 
[INFO ] [2023-08-24 14:38:04,415] OS name = Windows 11
[INFO ] [2023-08-24 14:38:04,416] 
[INFO ] [2023-08-24 14:38:33,238] OS name = Windows 11
[INFO ] [2023-08-24 14:38:33,239] 
[INFO ] [2023-08-24 14:38:58,683] OS name = Windows 11
[INFO ] [2023-08-24 14:38:58,683] 
[INFO ] [2023-08-24 14:39:56,686] OS name = Windows 11
[INFO ] [2023-08-24 14:39:56,687] 
[INFO ] [2023-08-24 14:42:34,043] OS name = Windows 11
[INFO ] [2023-08-24 14:42:34,043] 
[INFO ] [2023-08-24 14:43:07,848] OS name = Windows 11
[INFO ] [2023-08-24 14:43:07,848] 
[INFO ] [2023-08-24 14:43:25,306] OS name = Windows 11
[INFO ] [2023-08-24 14:43:25,306] 
[INFO ] [2023-08-24 14:44:01,026] OS name = Windows 11
[INFO ] [2023-08-24 14:44:01,027] 
[INFO ] [2023-08-24 14:46:11,273] OS name = Windows 11
[INFO ] [2023-08-24 14:46:11,273] 
[INFO ] [2023-08-24 14:46:55,287] OS name = Windows 11
[INFO ] [2023-08-24 14:46:55,287] 
[INFO ] [2023-08-24 14:48:05,698] OS name = Windows 11
[INFO ] [2023-08-24 14:48:05,699] 
[INFO ] [2023-08-24 14:50:33,258] OS name = Windows 11
[INFO ] [2023-08-24 14:50:33,259] 
[INFO ] [2023-08-24 14:51:26,698] OS name = Windows 11
[INFO ] [2023-08-24 14:51:26,699] 
[INFO ] [2023-08-24 14:51:54,111] OS name = Windows 11
[INFO ] [2023-08-24 14:51:54,112] 
[INFO ] [2023-08-24 14:52:42,278] OS name = Windows 11
[INFO ] [2023-08-24 14:52:42,279] 
[INFO ] [2023-08-24 14:54:51,439] OS name = Windows 11
[INFO ] [2023-08-24 14:54:51,439] Driver instance name = firefoxdriver: firefox on windows (69678638-98b5-419c-8d92-7a3deee7c24b)
[INFO ] [2023-08-24 14:57:33,176] OS name = Windows 11
[INFO ] [2023-08-24 14:57:33,178] 
[INFO ] [2023-08-24 15:03:39,472] OS name = Windows 11
[INFO ] [2023-08-24 15:03:39,472] 
[INFO ] [2023-08-24 19:07:21,378] OS name = Windows 11
[INFO ] [2023-08-24 19:07:21,378] Driver instance name = chromedriver: chrome on windows (ba15d02c95ed3a941efe1b15e0013014)
[INFO ] [2023-08-25 19:15:09,640] OS name = Windows 11
[INFO ] [2023-08-25 19:15:09,640] Driver instance name = chromedriver: chrome on windows (78820e246d08a6ff8e138b3df999bf2f)
[INFO ] [2023-08-25 19:15:51,632] OS name = Windows 11
[INFO ] [2023-08-25 19:15:51,632] Driver instance name = chromedriver: chrome on windows (d46d2e61382463f9460252176392054e)
[INFO ] [2023-08-27 20:11:22,905] OS name = Windows 11
[INFO ] [2023-08-27 20:11:22,905] Driver instance name = chromedriver: chrome on windows (b2e14af8f2c6e60cdb3e5eebe6c108c7)
[INFO ] [2023-08-27 20:43:33,868] OS name = Windows 11
[INFO ] [2023-08-27 20:43:33,870] Driver instance name = chromedriver: chrome on windows (550512012a256781abd70c2d9359b61a)
[INFO ] [2023-08-27 20:44:50,897] OS name = Windows 11
[INFO ] [2023-08-27 20:44:50,897] Driver instance name = chromedriver: chrome on windows (65216ce362c40d769c73ca7724dbc2d5)
[INFO ] [2023-08-27 20:47:49,565] OS name = Windows 11
[INFO ] [2023-08-27 20:47:49,566] Driver instance name = chromedriver: chrome on windows (e83d2bf8d88f69805139fdd6e5f83b93)
[INFO ] [2023-08-27 20:50:48,773] OS name = Windows 11
[INFO ] [2023-08-27 20:50:48,774] Driver instance name = chromedriver: chrome on windows (b5fd80b700835244a703574f945def42)
[INFO ] [2023-08-27 20:52:36,464] OS name = Windows 11
[INFO ] [2023-08-27 20:52:36,464] Driver instance name = chromedriver: chrome on windows (0356bdff2a3f4312841b1b025099b363)
